<?xml version="1.0" encoding="UTF-8"?>
<!-- Generated by org.testng.reporters.JUnitXMLReporter -->
<testsuite hostname="Dmitriy" ignored="0" name="LastYearOutputTest" tests="4" failures="1" timestamp="13 Oct 2019 22:44:40 GMT" time="50.437" errors="0">
  <testcase name="a_setLanguageEnglTest on [LastYearOutputTest passed=0 failed=0 skipped=0]" time="12.074" classname="tests.LastYearOutputTest"/>
  <testcase name="b_setFilterTest on [LastYearOutputTest passed=0 failed=0 skipped=0]" time="17.237" classname="tests.LastYearOutputTest"/>
  <testcase name="c_countryCheckTest on [LastYearOutputTest passed=0 failed=0 skipped=0]" time="2.589" classname="tests.LastYearOutputTest"/>
  <testcase name="d_LastYearOutputTest on [LastYearOutputTest passed=0 failed=0 skipped=0]" time="16.343" classname="tests.LastYearOutputTest">
    <failure type="java.lang.AssertionError">
      <![CDATA[java.lang.AssertionError
at tests.LastYearOutputTest.LastYearOutput(LastYearOutputTest.java:61)
at tests.LastYearOutputTest.d_LastYearOutputTest(LastYearOutputTest.java:39)
at sun.reflect.NativeMethodAccessorImpl.invoke0(Native Method)
at sun.reflect.NativeMethodAccessorImpl.invoke(NativeMethodAccessorImpl.java:62)
at sun.reflect.DelegatingMethodAccessorImpl.invoke(DelegatingMethodAccessorImpl.java:43)
at java.lang.reflect.Method.invoke(Method.java:498)
at org.testng.internal.MethodInvocationHelper.invokeMethod(MethodInvocationHelper.java:124)
at org.testng.internal.Invoker.invokeMethod(Invoker.java:583)
at org.testng.internal.Invoker.invokeTestMethod(Invoker.java:719)
at org.testng.internal.Invoker.invokeTestMethods(Invoker.java:989)
at org.testng.internal.TestMethodWorker.invokeTestMethods(TestMethodWorker.java:125)
at org.testng.internal.TestMethodWorker.run(TestMethodWorker.java:109)
at org.testng.TestRunner.privateRun(TestRunner.java:648)
at org.testng.TestRunner.run(TestRunner.java:505)
at org.testng.SuiteRunner.runTest(SuiteRunner.java:455)
at org.testng.SuiteRunner.runSequentially(SuiteRunner.java:450)
at org.testng.SuiteRunner.privateRun(SuiteRunner.java:415)
at org.testng.SuiteRunner.run(SuiteRunner.java:364)
at org.testng.SuiteRunnerWorker.runSuite(SuiteRunnerWorker.java:52)
at org.testng.SuiteRunnerWorker.run(SuiteRunnerWorker.java:84)
at org.testng.TestNG.runSuitesSequentially(TestNG.java:1208)
at org.testng.TestNG.runSuitesLocally(TestNG.java:1137)
at org.testng.TestNG.runSuites(TestNG.java:1049)
at org.testng.TestNG.run(TestNG.java:1017)
at org.apache.maven.surefire.testng.TestNGExecutor.run(TestNGExecutor.java:283)
at org.apache.maven.surefire.testng.TestNGXmlTestSuite.execute(TestNGXmlTestSuite.java:75)
at org.apache.maven.surefire.testng.TestNGProvider.invoke(TestNGProvider.java:120)
at org.apache.maven.surefire.booter.ForkedBooter.invokeProviderInSameClassLoader(ForkedBooter.java:386)
at org.apache.maven.surefire.booter.ForkedBooter.runSuitesInProcess(ForkedBooter.java:323)
at org.apache.maven.surefire.booter.ForkedBooter.main(ForkedBooter.java:143)
]]>
    </failure>
  </testcase> <!-- d_LastYearOutputTest on [LastYearOutputTest passed=0 failed=0 skipped=0] -->
</testsuite> <!-- LastYearOutputTest -->
